<html>
<head>
<title>TestNG:  Test</title>
<link href="../testng.css" rel="stylesheet" type="text/css" />
<link href="../my-testng.css" rel="stylesheet" type="text/css" />

<style type="text/css">
.log { display: none;} 
.stack-trace { display: none;} 
</style>
<script type="text/javascript">
<!--
function flip(e) {
  current = e.style.display;
  if (current == 'block') {
    e.style.display = 'none';
    return 0;
  }
  else {
    e.style.display = 'block';
    return 1;
  }
}

function toggleBox(szDivId, elem, msg1, msg2)
{
  var res = -1;  if (document.getElementById) {
    res = flip(document.getElementById(szDivId));
  }
  else if (document.all) {
    // this is the way old msie versions work
    res = flip(document.all[szDivId]);
  }
  if(elem) {
    if(res == 0) elem.innerHTML = msg1; else elem.innerHTML = msg2;
  }

}

function toggleAllBoxes() {
  if (document.getElementsByTagName) {
    d = document.getElementsByTagName('div');
    for (i = 0; i < d.length; i++) {
      if (d[i].className == 'log') {
        flip(d[i]);
      }
    }
  }
}

// -->
</script>

</head>
<body>
<h2 align='center'>Test</h2><table border='1' align="center">
<tr>
<td>Tests passed/Failed/Skipped:</td><td>7/5/0</td>
</tr><tr>
<td>Started on:</td><td>Tue Jul 29 00:59:34 IST 2025</td>
</tr>
<tr><td>Total time:</td><td>16 seconds (16390 ms)</td>
</tr><tr>
<td>Included groups:</td><td></td>
</tr><tr>
<td>Excluded groups:</td><td></td>
</tr>
</table><p/>
<small><i>(Hover the method name to see the test class name)</i></small><p/>
<table width='100%' border='1' class='invocation-failed'>
<tr><td colspan='4' align='center'><b>FAILED TESTS</b></td></tr>
<tr><td><b>Test method</b></td>
<td width="30%"><b>Exception</b></td>
<td width="10%"><b>Time (seconds)</b></td>
<td><b>Instance</b></td>
</tr>
<tr>
<td title='com.automation.tests.CucumberRunnerTests.runScenario()'><b>runScenario</b><br>Test class: com.automation.tests.CucumberRunnerTests<br>Test method: Runs Cucumber Scenarios<br>Parameters: "Library card first name validation", "Get a Library Card"</td>
<td><div><pre>java.lang.AssertionError: 
	at com.automation.definitions.LibraryCardTest.firstNameErrorMessageIsDisplayed(LibraryCardTest.java:103)
	at ✽.First name error message is displayed(file:///C:/javaprojects/Tekstac-hands-on/Library-Management-Project/src/test/java/com/automation/features/LibraryCard.feature:25)
... Removed 3 stack frames</pre></div><a href='#' onClick='toggleBox("stack-trace1372483461", this, "Click to show all stack frames", "Click to hide stack frames")'>Click to show all stack frames</a>
<div class='stack-trace' id='stack-trace1372483461'><pre>java.lang.AssertionError: 
	at org.testng.AssertJUnit.fail(AssertJUnit.java:59)
	at org.testng.AssertJUnit.assertTrue(AssertJUnit.java:24)
	at org.testng.AssertJUnit.assertTrue(AssertJUnit.java:33)
	at com.automation.definitions.LibraryCardTest.firstNameErrorMessageIsDisplayed(LibraryCardTest.java:103)
	at ✽.First name error message is displayed(file:///C:/javaprojects/Tekstac-hands-on/Library-Management-Project/src/test/java/com/automation/features/LibraryCard.feature:25)
</pre></div></td>
<td>0</td>
<td>com.automation.tests.CucumberRunnerTests@131276c2</td></tr>
<tr>
<td title='com.automation.tests.CucumberRunnerTests.runScenario()'><b>runScenario</b><br>Test class: com.automation.tests.CucumberRunnerTests<br>Test method: Runs Cucumber Scenarios<br>Parameters: "Library card last name validation", "Get a Library Card"</td>
<td><div><pre>java.lang.AssertionError: 
	at com.automation.definitions.LibraryCardTest.lastNameErrorMessageIsDisplayed(LibraryCardTest.java:113)
	at ✽.Last name error message is displayed(file:///C:/javaprojects/Tekstac-hands-on/Library-Management-Project/src/test/java/com/automation/features/LibraryCard.feature:32)
... Removed 3 stack frames</pre></div><a href='#' onClick='toggleBox("stack-trace2050529121", this, "Click to show all stack frames", "Click to hide stack frames")'>Click to show all stack frames</a>
<div class='stack-trace' id='stack-trace2050529121'><pre>java.lang.AssertionError: 
	at org.testng.AssertJUnit.fail(AssertJUnit.java:59)
	at org.testng.AssertJUnit.assertTrue(AssertJUnit.java:24)
	at org.testng.AssertJUnit.assertTrue(AssertJUnit.java:33)
	at com.automation.definitions.LibraryCardTest.lastNameErrorMessageIsDisplayed(LibraryCardTest.java:113)
	at ✽.Last name error message is displayed(file:///C:/javaprojects/Tekstac-hands-on/Library-Management-Project/src/test/java/com/automation/features/LibraryCard.feature:32)
</pre></div></td>
<td>0</td>
<td>com.automation.tests.CucumberRunnerTests@131276c2</td></tr>
<tr>
<td title='com.automation.tests.CucumberRunnerTests.runScenario()'><b>runScenario</b><br>Test class: com.automation.tests.CucumberRunnerTests<br>Test method: Runs Cucumber Scenarios<br>Parameters: "Library card age validation", "Get a Library Card"</td>
<td><div><pre>java.lang.AssertionError: 
	at com.automation.definitions.LibraryCardTest.ageErrorMessageIsDisplayed(LibraryCardTest.java:118)
	at ✽.Age error message is displayed(file:///C:/javaprojects/Tekstac-hands-on/Library-Management-Project/src/test/java/com/automation/features/LibraryCard.feature:39)
... Removed 3 stack frames</pre></div><a href='#' onClick='toggleBox("stack-trace1731795367", this, "Click to show all stack frames", "Click to hide stack frames")'>Click to show all stack frames</a>
<div class='stack-trace' id='stack-trace1731795367'><pre>java.lang.AssertionError: 
	at org.testng.AssertJUnit.fail(AssertJUnit.java:59)
	at org.testng.AssertJUnit.assertTrue(AssertJUnit.java:24)
	at org.testng.AssertJUnit.assertTrue(AssertJUnit.java:33)
	at com.automation.definitions.LibraryCardTest.ageErrorMessageIsDisplayed(LibraryCardTest.java:118)
	at ✽.Age error message is displayed(file:///C:/javaprojects/Tekstac-hands-on/Library-Management-Project/src/test/java/com/automation/features/LibraryCard.feature:39)
</pre></div></td>
<td>0</td>
<td>com.automation.tests.CucumberRunnerTests@131276c2</td></tr>
<tr>
<td title='com.automation.tests.CucumberRunnerTests.runScenario()'><b>runScenario</b><br>Test class: com.automation.tests.CucumberRunnerTests<br>Test method: Runs Cucumber Scenarios<br>Parameters: "Library card email validation", "Get a Library Card"</td>
<td><div><pre>java.lang.AssertionError: 
	at com.automation.definitions.LibraryCardTest.emailErrorMessageIsDisplayed(LibraryCardTest.java:123)
	at ✽.Email error message is displayed(file:///C:/javaprojects/Tekstac-hands-on/Library-Management-Project/src/test/java/com/automation/features/LibraryCard.feature:46)
... Removed 3 stack frames</pre></div><a href='#' onClick='toggleBox("stack-trace2008762581", this, "Click to show all stack frames", "Click to hide stack frames")'>Click to show all stack frames</a>
<div class='stack-trace' id='stack-trace2008762581'><pre>java.lang.AssertionError: 
	at org.testng.AssertJUnit.fail(AssertJUnit.java:59)
	at org.testng.AssertJUnit.assertTrue(AssertJUnit.java:24)
	at org.testng.AssertJUnit.assertTrue(AssertJUnit.java:33)
	at com.automation.definitions.LibraryCardTest.emailErrorMessageIsDisplayed(LibraryCardTest.java:123)
	at ✽.Email error message is displayed(file:///C:/javaprojects/Tekstac-hands-on/Library-Management-Project/src/test/java/com/automation/features/LibraryCard.feature:46)
</pre></div></td>
<td>0</td>
<td>com.automation.tests.CucumberRunnerTests@131276c2</td></tr>
<tr>
<td title='com.automation.tests.CucumberRunnerTests.runScenario()'><b>runScenario</b><br>Test class: com.automation.tests.CucumberRunnerTests<br>Test method: Runs Cucumber Scenarios<br>Parameters: "Library card phone validation", "Get a Library Card"</td>
<td><div><pre>java.lang.AssertionError: 
	at com.automation.definitions.LibraryCardTest.phoneErrorMessageIsDisplayed(LibraryCardTest.java:128)
	at ✽.Phone error message is displayed(file:///C:/javaprojects/Tekstac-hands-on/Library-Management-Project/src/test/java/com/automation/features/LibraryCard.feature:53)
... Removed 3 stack frames</pre></div><a href='#' onClick='toggleBox("stack-trace2017980204", this, "Click to show all stack frames", "Click to hide stack frames")'>Click to show all stack frames</a>
<div class='stack-trace' id='stack-trace2017980204'><pre>java.lang.AssertionError: 
	at org.testng.AssertJUnit.fail(AssertJUnit.java:59)
	at org.testng.AssertJUnit.assertTrue(AssertJUnit.java:24)
	at org.testng.AssertJUnit.assertTrue(AssertJUnit.java:33)
	at com.automation.definitions.LibraryCardTest.phoneErrorMessageIsDisplayed(LibraryCardTest.java:128)
	at ✽.Phone error message is displayed(file:///C:/javaprojects/Tekstac-hands-on/Library-Management-Project/src/test/java/com/automation/features/LibraryCard.feature:53)
</pre></div></td>
<td>0</td>
<td>com.automation.tests.CucumberRunnerTests@131276c2</td></tr>
</table><p>
<table width='100%' border='1' class='invocation-passed'>
<tr><td colspan='4' align='center'><b>PASSED TESTS</b></td></tr>
<tr><td><b>Test method</b></td>
<td width="30%"><b>Exception</b></td>
<td width="10%"><b>Time (seconds)</b></td>
<td><b>Instance</b></td>
</tr>
<tr>
<td title='com.automation.tests.CucumberRunnerTests.runScenario()'><b>runScenario</b><br>Test class: com.automation.tests.CucumberRunnerTests<br>Test method: Runs Cucumber Scenarios<br>Parameters: "# Enter scenario name here", "# Enter feature name here"</td>
<td></td>
<td>0</td>
<td>com.automation.tests.CucumberRunnerTests@131276c2</td></tr>
<tr>
<td title='com.automation.tests.CucumberRunnerTests.runScenario()'><b>runScenario</b><br>Test class: com.automation.tests.CucumberRunnerTests<br>Test method: Runs Cucumber Scenarios<br>Parameters: "Library Card Registration Working", "Get a Library Card"</td>
<td></td>
<td>10</td>
<td>com.automation.tests.CucumberRunnerTests@131276c2</td></tr>
<tr>
<td title='com.automation.tests.CucumberRunnerTests.runScenario()'><b>runScenario</b><br>Test class: com.automation.tests.CucumberRunnerTests<br>Test method: Runs Cucumber Scenarios<br>Parameters: "Library card displayed after registration", "Get a Library Card"</td>
<td></td>
<td>0</td>
<td>com.automation.tests.CucumberRunnerTests@131276c2</td></tr>
<tr>
<td title='com.automation.tests.CucumberRunnerTests.runScenario()'><b>runScenario</b><br>Test class: com.automation.tests.CucumberRunnerTests<br>Test method: Runs Cucumber Scenarios<br>Parameters: "Library card work validation", "Get a Library Card"</td>
<td></td>
<td>0</td>
<td>com.automation.tests.CucumberRunnerTests@131276c2</td></tr>
<tr>
<td title='com.automation.tests.CucumberRunnerTests.runScenario()'><b>runScenario</b><br>Test class: com.automation.tests.CucumberRunnerTests<br>Test method: Runs Cucumber Scenarios<br>Parameters: "Library card card action validation", "Get a Library Card"</td>
<td></td>
<td>1</td>
<td>com.automation.tests.CucumberRunnerTests@131276c2</td></tr>
<tr>
<td title='com.automation.tests.CucumberRunnerTests.runScenario()'><b>runScenario</b><br>Test class: com.automation.tests.CucumberRunnerTests<br>Test method: Runs Cucumber Scenarios<br>Parameters: "# Enter scenario name here", "# Enter feature name here"</td>
<td></td>
<td>0</td>
<td>com.automation.tests.CucumberRunnerTests@131276c2</td></tr>
<tr>
<td title='com.automation.tests.CucumberRunnerTests.runScenario()'><b>runScenario</b><br>Test class: com.automation.tests.CucumberRunnerTests<br>Test method: Runs Cucumber Scenarios<br>Parameters: "# Enter scenario name here", "# Enter feature name here"</td>
<td></td>
<td>0</td>
<td>com.automation.tests.CucumberRunnerTests@131276c2</td></tr>
</table><p>
</body>
</html>