<?xml version="1.0" encoding="UTF-8"?>
<!-- Generated by org.testng.reporters.JUnitXMLReporter -->
<testsuite ignored="0" hostname="DESKTOP-MG72S48" failures="5" tests="12" name="Test" time="16.39" errors="0" timestamp="28 Jul 2025 19:29:51 GMT">
  <testcase classname="io.cucumber.testng.AbstractTestNGCucumberTests" name="runScenario" time="0.112"/>
  <testcase classname="io.cucumber.testng.AbstractTestNGCucumberTests" name="runScenario" time="10.439"/>
  <testcase classname="io.cucumber.testng.AbstractTestNGCucumberTests" name="runScenario" time="0.624"/>
  <testcase classname="io.cucumber.testng.AbstractTestNGCucumberTests" name="runScenario" time="0.577">
    <failure type="java.lang.AssertionError">
      <![CDATA[java.lang.AssertionError: 
	at com.automation.definitions.LibraryCardTest.firstNameErrorMessageIsDisplayed(LibraryCardTest.java:103)
	at ✽.First name error message is displayed(file:///C:/javaprojects/Tekstac-hands-on/Library-Management-Project/src/test/java/com/automation/features/LibraryCard.feature:25)
... Removed 3 stack frames]]>
    </failure>
  </testcase> <!-- runScenario -->
  <testcase classname="io.cucumber.testng.AbstractTestNGCucumberTests" name="runScenario" time="0.587">
    <failure type="java.lang.AssertionError">
      <![CDATA[java.lang.AssertionError: 
	at com.automation.definitions.LibraryCardTest.lastNameErrorMessageIsDisplayed(LibraryCardTest.java:113)
	at ✽.Last name error message is displayed(file:///C:/javaprojects/Tekstac-hands-on/Library-Management-Project/src/test/java/com/automation/features/LibraryCard.feature:32)
... Removed 3 stack frames]]>
    </failure>
  </testcase> <!-- runScenario -->
  <testcase classname="io.cucumber.testng.AbstractTestNGCucumberTests" name="runScenario" time="0.617">
    <failure type="java.lang.AssertionError">
      <![CDATA[java.lang.AssertionError: 
	at com.automation.definitions.LibraryCardTest.ageErrorMessageIsDisplayed(LibraryCardTest.java:118)
	at ✽.Age error message is displayed(file:///C:/javaprojects/Tekstac-hands-on/Library-Management-Project/src/test/java/com/automation/features/LibraryCard.feature:39)
... Removed 3 stack frames]]>
    </failure>
  </testcase> <!-- runScenario -->
  <testcase classname="io.cucumber.testng.AbstractTestNGCucumberTests" name="runScenario" time="0.584">
    <failure type="java.lang.AssertionError">
      <![CDATA[java.lang.AssertionError: 
	at com.automation.definitions.LibraryCardTest.emailErrorMessageIsDisplayed(LibraryCardTest.java:123)
	at ✽.Email error message is displayed(file:///C:/javaprojects/Tekstac-hands-on/Library-Management-Project/src/test/java/com/automation/features/LibraryCard.feature:46)
... Removed 3 stack frames]]>
    </failure>
  </testcase> <!-- runScenario -->
  <testcase classname="io.cucumber.testng.AbstractTestNGCucumberTests" name="runScenario" time="0.559">
    <failure type="java.lang.AssertionError">
      <![CDATA[java.lang.AssertionError: 
	at com.automation.definitions.LibraryCardTest.phoneErrorMessageIsDisplayed(LibraryCardTest.java:128)
	at ✽.Phone error message is displayed(file:///C:/javaprojects/Tekstac-hands-on/Library-Management-Project/src/test/java/com/automation/features/LibraryCard.feature:53)
... Removed 3 stack frames]]>
    </failure>
  </testcase> <!-- runScenario -->
  <testcase classname="io.cucumber.testng.AbstractTestNGCucumberTests" name="runScenario" time="0.498"/>
  <testcase classname="io.cucumber.testng.AbstractTestNGCucumberTests" name="runScenario" time="1.386"/>
  <testcase classname="io.cucumber.testng.AbstractTestNGCucumberTests" name="runScenario" time="0.001"/>
  <testcase classname="io.cucumber.testng.AbstractTestNGCucumberTests" name="runScenario" time="0.001"/>
</testsuite> <!-- Test -->
